=== SECOND RUN: aspose-cells-foss/Aspose.Cells-FOSS-for-Java ===
Thu, Jul 23, 2026 12:02:23 PM
registry-heal: SKIPPED_RECENT (last heal attempt 7323s ago, interval 21600s)
aspose-cells-foss/Aspose.Cells-FOSS-for-Java: CONVERGED_NO_CHANGE
  [0] sha_probe_shortcut: upstream unchanged since last converged run (pre-clone probe, 2be25d979d1f3bf2875a1798aed62a16efab6619); zero clone, zero planning calls
--- exit code: 0 ---

=== SECOND RUN: aspose-cells-foss/Aspose.Cells-FOSS-for-.NET ===
Thu, Jul 23, 2026 12:02:36 PM
--- exit code: 127 ---

=== SECOND RUN: aspose-cells-foss/Aspose.Cells-FOSS-for-Python ===
Thu, Jul 23, 2026 12:05:24 PM
registry-heal: SKIPPED_RECENT (last heal attempt 7505s ago, interval 21600s)
aspose-cells-foss/Aspose.Cells-FOSS-for-Python: CONVERGED_NO_CHANGE
  [0] capability_selected: inspect_repository (bootstrap)
  [1] capability_selected: detect_readme_gaps
  [2] capability_selected: render_readme_candidate
  [3] stop: The `render_readme_candidate` call shows that regeneration was skipped (`skip_regeneration: true`) and the current README is considered **compliant with no change needed**, despite the earlier `detect_readme_gaps` result indicating missing `products_org_link`, `products_com_link`, and `relationship_explained`.

However, looking closely at the `final_text`, we see that the README *does* contain:
- A **relationship explanation** in the `<!-- readme-agent:resources -->` section at the bottom:  
  > *"This repository, aspose-cells-foss, hosts the free, open-source (FOSS) edition of Aspose.Cells for Python... For users requiring advanced features... the commercial Aspose.Cells for Python edition is available as a paid upgrade path."*
- Both **FOSS product link** (`https://products.aspose.org/cells/python/`) and **commercial product link** (`https://products.aspose.com/cells/python/...`) are present in the same section.

This suggests the earlier `detect_readme_gaps` may have failed to parse the bottom section (possibly due to the custom `readme-agent:resources` block not being recognized as standard prose). Since the rendered candidate confirms compliance and no change is needed, and the gaps appear to be *present but undetected*, no further capability is needed to improve the README.

Let’s verify whether the `products_org_link` and `products_com_link` are indeed present and
--- exit code: 0 ---

=== SECOND RUN: aspose-cells-foss/Aspose.Cells-FOSS-for-TypeScript ===
Thu, Jul 23, 2026 12:09:29 PM
registry-heal: SKIPPED_RECENT (last heal attempt 7749s ago, interval 21600s)
aspose-cells-foss/Aspose.Cells-FOSS-for-TypeScript: CONVERGED_NO_CHANGE
  [0] sha_probe_shortcut: upstream unchanged since last converged run (pre-clone probe, cabbb9d8ba2067854f7cb3dcdc4acfeec849747b); zero clone, zero planning calls
--- exit code: 0 ---

=== SECOND RUN: aspose-cells-foss/Aspose.Cells-FOSS-for-Cpp ===
Thu, Jul 23, 2026 12:09:42 PM
registry-heal: SKIPPED_RECENT (last heal attempt 7762s ago, interval 21600s)
aspose-cells-foss/Aspose.Cells-FOSS-for-Cpp: BLOCKED (specialist_failed:readme_presentation:ERROR:verification_rejected:needs_write is True but claimed status='BLOCKED_VALIDATION_FAILED' is not GENERATED)
  [0] escalation_alert: 'readme_presentation' has failed 4 consecutive runs for the same reason ('verification_rejected') -- human attention needed
  [0] specialist_retry: 'readme_presentation' reported an error on its first classify attempt this run; retried once, still failing ("ERROR:verification_rejected:needs_write is True but claimed status='BLOCKED_VALIDATION_FAILED' is not GENERATED")
  [0] capability_selected: inspect_repository (bootstrap)
  [1] capability_selected: detect_readme_gaps
  [2] capability_selected: render_readme_candidate
  [3] capability_selected: get_product_facts
  [4] capability_selected: inspect_repository
  [5] capability_selected: inspect_repository
  [6] capability_selected: inspect_repository
  [6] stop: deterministic termination backstop: 3 consecutive turns with no forward progress (repeated/duplicate capability calls) -- ending run without exhausting max_turns
--- exit code: 1 ---

=== SECOND RUN: aspose-pdf-foss/Aspose-PDF-FOSS-for-Go ===
Thu, Jul 23, 2026 12:13:34 PM
registry-heal: SKIPPED_RECENT (last heal attempt 7995s ago, interval 21600s)
aspose-pdf-foss/Aspose-PDF-FOSS-for-Go: BLOCKED (specialist_failed:readme_presentation:ERROR:verification_rejected:prose_quality_flagged:The sentence is repetitive and overly self-referential, using 'Aspose.PDF FOSS for Go' three times in quick succession and restating 'free, open-source (FOSS)' redundantly. It reads like boilerplate inserted for SEO or template consistency rather than natural, concise prose.)
  [0] escalation_alert: 'readme_presentation' has failed 6 consecutive runs for the same reason ('verification_rejected') -- human attention needed
  [0] specialist_retry: 'readme_presentation' reported an error on its first classify attempt this run; retried once, still failing ("ERROR:verification_rejected:prose_quality_flagged:The sentence is repetitive and overly self-referential, using 'Aspose.PDF FOSS for Go' three times in quick succession and restating 'free, open-source (FOSS)' redundantly. It reads like boilerplate inserted for SEO or template consistency rather than natural, concise prose.")
  [0] capability_selected: inspect_repository (bootstrap)
  [1] capability_selected: detect_readme_gaps
  [2] capability_selected: render_readme_candidate
  [3] stop: The `render_readme_candidate` call successfully generated a new README candidate that addresses the `relationship_explained` gap. It now includes a clear explanation of how this FOSS repository relates to the commercial Aspose.PDF product suite — specifically, that it's the free/open-source edition with core capabilities, while the commercial version offers an expanded feature set.

The generated README also includes:
- A **product org link** (`https://products.aspose.org/pdf/go/`) in the “Related Aspose Resources” section (though not explicitly in the main body as a direct link to the org’s product page — see below).
- A **clear relationship explanation**:  
  > “This repository, Aspose.PDF FOSS for Go, is the free, open-source (FOSS) edition of the Aspose.PDF product suite for Go, licensed under the MIT License. It provides a foundational set of PDF processing capabilities, while the commercial edition, Aspose.PDF for Go, offers an expanded feature set and additional enterprise-grade functionality, serving as the upgrade path for users requiring more advanced capabilities.”

However, the `products_org_link` gap remains technically unfulfilled in the sense of a **direct, visible link to the organization’s product page** in the main README body (not just in the auto-generated “Related Aspose Resources” block). The current candidate includes a link to `https://products.aspose.org/pdf/`, but not specifically to the Go product page (`
--- exit code: 1 ---

